<?xml version="1.0" encoding="UTF-8"?>
<testsuite name="fr.esgi.todo.business.TaskTest" tests="3" skipped="0" failures="0" errors="0" timestamp="2023-05-28T10:35:53" hostname="macbook-pro-de-romain.home" time="0.003">
  <properties/>
  <testcase name="testTaskSetDone()" classname="fr.esgi.todo.business.TaskTest" time="0.0"/>
  <testcase name="testTaskInitialization()" classname="fr.esgi.todo.business.TaskTest" time="0.0"/>
  <testcase name="testTaskToString()" classname="fr.esgi.todo.business.TaskTest" time="0.002"/>
  <system-out><![CDATA[]]></system-out>
  <system-err><![CDATA[]]></system-err>
</testsuite>
