<?xml version="1.0" encoding="UTF-8"?>
<testsuite name="fr.esgi.todo.service.impl.TaskServiceImplTest" tests="6" skipped="0" failures="0" errors="0" timestamp="2023-05-28T10:35:53" hostname="macbook-pro-de-romain.home" time="0.004">
  <properties/>
  <testcase name="testAddTask()" classname="fr.esgi.todo.service.impl.TaskServiceImplTest" time="0.001"/>
  <testcase name="testShowTasks()" classname="fr.esgi.todo.service.impl.TaskServiceImplTest" time="0.0"/>
  <testcase name="testTaskDoneWithInvalidId()" classname="fr.esgi.todo.service.impl.TaskServiceImplTest" time="0.0"/>
  <testcase name="testTaskDone()" classname="fr.esgi.todo.service.impl.TaskServiceImplTest" time="0.0"/>
  <testcase name="testDeleteTaskWithInvalidId()" classname="fr.esgi.todo.service.impl.TaskServiceImplTest" time="0.0"/>
  <testcase name="testDeleteTask()" classname="fr.esgi.todo.service.impl.TaskServiceImplTest" time="0.001"/>
  <system-out><![CDATA[]]></system-out>
  <system-err><![CDATA[]]></system-err>
</testsuite>
